<?xml version="1.0" encoding="UTF-8"?>
<!-- Copyright (c) 2018, University of North Carolina at Chapel Hill -->
<!-- Copyright (c) 2015-2017, Dell EMC -->


<beans xmlns="http://www.springframework.org/schema/beans"
	xmlns:xsi="http://www.w3.org/2001/XMLSchema-instance"
	xmlns:tx="http://www.springframework.org/schema/tx"
	xsi:schemaLocation="
	   	http://www.springframework.org/schema/beans
	   	http://www.springframework.org/schema/beans/spring-beans-3.2.xsd
		http://www.springframework.org/schema/tx
		http://www.springframework.org/schema/tx/spring-tx-3.2.xsd">
		
	<!-- MySQL data source -->
	<bean id="dataSource" class="org.springframework.jdbc.datasource.DriverManagerDataSource">
		<property name="driverClassName" value="${db.driverClassName}" />
		<property name="url" value="${db.url}" />
		<property name="username" value="${db.username}" />
		<property name="password" value="${db.password}" />
	</bean>
 
	<!-- Hibernate session factory -->
	<bean id="sessionFactory" class="org.springframework.orm.hibernate4.LocalSessionFactoryBean">
		<property name="dataSource" ref="dataSource" />
		<property name="packagesToScan" value="com.emc.metalnx.core.domain.entity, com.emc.metalnx.core.domain.dao" />
		<property name="hibernateProperties">
		    <props>
			<prop key="hibernate.dialect">${hibernate.dialect}</prop>
			<prop key="hibernate.format_sql">${hibernate.format_sql}</prop>
			<prop key="hibernate.show_sql">${hibernate.show_sql}</prop>
			<prop key="hibernate.hbm2ddl.auto">${hibernate.hbm2ddl.auto}</prop>
		    </props>
		</property>
	</bean>
  
	<!-- Transaction Manager declaration  -->
	<bean id="transactionManager" class="org.springframework.orm.hibernate4.HibernateTransactionManager">
		<property name="sessionFactory" ref="sessionFactory"></property>
	</bean>
 
 	<tx:annotation-driven transaction-manager="transactionManager" />
 
</beans>